<?xml version="1.0" encoding="UTF-8"?>
<!-- Generated by org.testng.reporters.JUnitXMLReporter -->
<testsuite ignored="0" hostname="LAPTOP-Q2QRT6J2" failures="0" tests="1" name="Login Test" time="4.99" errors="0" timestamp="2025-06-30T04:07:36 IST">
  <testcase classname="com.enterprise.automation.tests.BaseTest" name="@BeforeMethod setUp" time="2.242">
    <failure type="java.lang.RuntimeException" message="WebDriver initialization failed">
      <![CDATA[java.lang.RuntimeException: WebDriver initialization failed
at com.enterprise.automation.core.WebDriverManager.initializeDriver(WebDriverManager.java:143)
at com.enterprise.automation.core.WebDriverManager.initializeDriver(WebDriverManager.java:87)
at com.enterprise.automation.tests.BaseTest.setUp(BaseTest.java:21)
at java.base/java.util.ArrayList.forEach(ArrayList.java:1596)
Caused by: java.lang.ClassCastException: class java.util.LinkedHashMap cannot be cast to class java.util.List (java.util.LinkedHashMap and java.util.List are in module java.base of loader 'bootstrap')
at com.enterprise.automation.core.WebDriverManager.getChromeOptionsFromConfig(WebDriverManager.java:274)
at com.enterprise.automation.core.WebDriverManager.createLocalDriver(WebDriverManager.java:178)
at com.enterprise.automation.core.WebDriverManager.initializeDriver(WebDriverManager.java:110)
... 32 more
... Removed 29 stack frames]]>
    </failure>
  </testcase> <!-- @BeforeMethod setUp -->
  <testcase classname="com.enterprise.automation.tests.BaseTest" name="@AfterMethod tearDown" time="0.0">
    <skipped/>
  </testcase> <!-- @AfterMethod tearDown -->
  <testcase classname="com.enterprise.automation.tests.LoginTest" name="verifyLoginSuccess" time="0.001">
    <skipped/>
  </testcase> <!-- verifyLoginSuccess -->
</testsuite> <!-- Login Test -->
