<?xml version="1.0" encoding="UTF-8"?>
<testng-results ignored="0" total="1" passed="0" failed="0" skipped="1">
  <reporter-output>
  </reporter-output>
  <suite started-at="2025-06-30T04:07:31 IST" name="Automation Suite" finished-at="2025-06-30T04:07:36 IST" duration-ms="4990">
    <groups>
    </groups>
    <test started-at="2025-06-30T04:07:31 IST" name="Login Test" finished-at="2025-06-30T04:07:36 IST" duration-ms="4990">
      <class name="com.enterprise.automation.tests.LoginTest">
        <test-method is-config="true" signature="springTestContextBeforeTestClass()[pri:0, instance:com.enterprise.automation.tests.LoginTest@5471388b]" started-at="2025-06-30T04:07:31 IST" name="springTestContextBeforeTestClass" finished-at="2025-06-30T04:07:31 IST" duration-ms="12" status="PASS">
          <reporter-output>
          </reporter-output>
        </test-method> <!-- springTestContextBeforeTestClass -->
        <test-method is-config="true" signature="springTestContextPrepareTestInstance()[pri:0, instance:com.enterprise.automation.tests.LoginTest@5471388b]" started-at="2025-06-30T04:07:31 IST" name="springTestContextPrepareTestInstance" finished-at="2025-06-30T04:07:33 IST" depends-on-methods="org.springframework.test.context.testng.AbstractTestNGSpringContextTests.springTestContextBeforeTestClass" duration-ms="1870" status="PASS">
          <reporter-output>
          </reporter-output>
        </test-method> <!-- springTestContextPrepareTestInstance -->
        <test-method is-config="true" signature="springTestContextBeforeTestMethod(java.lang.reflect.Method)[pri:0, instance:com.enterprise.automation.tests.LoginTest@5471388b]" started-at="2025-06-30T04:07:33 IST" name="springTestContextBeforeTestMethod" finished-at="2025-06-30T04:07:34 IST" duration-ms="732" status="PASS">
          <params>
            <param index="0">
              <value>
                <![CDATA[public void com.enterprise.automation.tests.LoginTest.verifyLoginSuccess()]]>
              </value>
            </param>
          </params>
          <reporter-output>
          </reporter-output>
        </test-method> <!-- springTestContextBeforeTestMethod -->
        <test-method is-config="true" signature="setUp()[pri:0, instance:com.enterprise.automation.tests.LoginTest@5471388b]" started-at="2025-06-30T04:07:34 IST" name="setUp" finished-at="2025-06-30T04:07:36 IST" duration-ms="2242" status="FAIL">
          <exception class="java.lang.RuntimeException">
            <message>
              <![CDATA[WebDriver initialization failed]]>
            </message>
            <full-stacktrace>
              <![CDATA[java.lang.RuntimeException: WebDriver initialization failed
at com.enterprise.automation.core.WebDriverManager.initializeDriver(WebDriverManager.java:143)
at com.enterprise.automation.core.WebDriverManager.initializeDriver(WebDriverManager.java:87)
at com.enterprise.automation.tests.BaseTest.setUp(BaseTest.java:21)
at java.base/jdk.internal.reflect.DirectMethodHandleAccessor.invoke(DirectMethodHandleAccessor.java:103)
at java.base/java.lang.reflect.Method.invoke(Method.java:580)
at org.testng.internal.invokers.MethodInvocationHelper.invokeMethod(MethodInvocationHelper.java:139)
at org.testng.internal.invokers.MethodInvocationHelper.invokeMethodConsideringTimeout(MethodInvocationHelper.java:69)
at org.testng.internal.invokers.ConfigInvoker.invokeConfigurationMethod(ConfigInvoker.java:390)
at org.testng.internal.invokers.ConfigInvoker.invokeConfigurations(ConfigInvoker.java:325)
at org.testng.internal.invokers.TestInvoker.runConfigMethods(TestInvoker.java:810)
at org.testng.internal.invokers.TestInvoker.invokeMethod(TestInvoker.java:577)
at org.testng.internal.invokers.TestInvoker.invokeTestMethod(TestInvoker.java:227)
at org.testng.internal.invokers.MethodRunner.runInSequence(MethodRunner.java:50)
at org.testng.internal.invokers.TestInvoker$MethodInvocationAgent.invoke(TestInvoker.java:957)
at org.testng.internal.invokers.TestInvoker.invokeTestMethods(TestInvoker.java:200)
at org.testng.internal.invokers.TestMethodWorker.invokeTestMethods(TestMethodWorker.java:148)
at org.testng.internal.invokers.TestMethodWorker.run(TestMethodWorker.java:128)
at java.base/java.util.ArrayList.forEach(ArrayList.java:1596)
at org.testng.TestRunner.privateRun(TestRunner.java:848)
at org.testng.TestRunner.run(TestRunner.java:621)
at org.testng.SuiteRunner.runTest(SuiteRunner.java:443)
at org.testng.SuiteRunner.runSequentially(SuiteRunner.java:437)
at org.testng.SuiteRunner.privateRun(SuiteRunner.java:397)
at org.testng.SuiteRunner.run(SuiteRunner.java:336)
at org.testng.SuiteRunnerWorker.runSuite(SuiteRunnerWorker.java:52)
at org.testng.SuiteRunnerWorker.run(SuiteRunnerWorker.java:95)
at org.testng.TestNG.runSuitesSequentially(TestNG.java:1280)
at org.testng.TestNG.runSuitesLocally(TestNG.java:1200)
at org.testng.TestNG.runSuites(TestNG.java:1114)
at org.testng.TestNG.run(TestNG.java:1082)
at org.testng.remote.AbstractRemoteTestNG.run(AbstractRemoteTestNG.java:115)
at org.testng.remote.RemoteTestNG.initAndRun(RemoteTestNG.java:293)
at org.testng.remote.RemoteTestNG.main(RemoteTestNG.java:91)
Caused by: java.lang.ClassCastException: class java.util.LinkedHashMap cannot be cast to class java.util.List (java.util.LinkedHashMap and java.util.List are in module java.base of loader 'bootstrap')
at com.enterprise.automation.core.WebDriverManager.getChromeOptionsFromConfig(WebDriverManager.java:274)
at com.enterprise.automation.core.WebDriverManager.createLocalDriver(WebDriverManager.java:178)
at com.enterprise.automation.core.WebDriverManager.initializeDriver(WebDriverManager.java:110)
... 32 more
]]>
            </full-stacktrace>
          </exception> <!-- java.lang.RuntimeException -->
          <reporter-output>
          </reporter-output>
        </test-method> <!-- setUp -->
        <test-method signature="verifyLoginSuccess()[pri:0, instance:com.enterprise.automation.tests.LoginTest@5471388b]" started-at="2025-06-30T04:07:36 IST" name="verifyLoginSuccess" finished-at="2025-06-30T04:07:36 IST" duration-ms="1" status="SKIP">
          <exception class="java.lang.RuntimeException">
            <message>
              <![CDATA[WebDriver initialization failed]]>
            </message>
            <full-stacktrace>
              <![CDATA[java.lang.RuntimeException: WebDriver initialization failed
at com.enterprise.automation.core.WebDriverManager.initializeDriver(WebDriverManager.java:143)
at com.enterprise.automation.core.WebDriverManager.initializeDriver(WebDriverManager.java:87)
at com.enterprise.automation.tests.BaseTest.setUp(BaseTest.java:21)
at java.base/jdk.internal.reflect.DirectMethodHandleAccessor.invoke(DirectMethodHandleAccessor.java:103)
at java.base/java.lang.reflect.Method.invoke(Method.java:580)
at org.testng.internal.invokers.MethodInvocationHelper.invokeMethod(MethodInvocationHelper.java:139)
at org.testng.internal.invokers.MethodInvocationHelper.invokeMethodConsideringTimeout(MethodInvocationHelper.java:69)
at org.testng.internal.invokers.ConfigInvoker.invokeConfigurationMethod(ConfigInvoker.java:390)
at org.testng.internal.invokers.ConfigInvoker.invokeConfigurations(ConfigInvoker.java:325)
at org.testng.internal.invokers.TestInvoker.runConfigMethods(TestInvoker.java:810)
at org.testng.internal.invokers.TestInvoker.invokeMethod(TestInvoker.java:577)
at org.testng.internal.invokers.TestInvoker.invokeTestMethod(TestInvoker.java:227)
at org.testng.internal.invokers.MethodRunner.runInSequence(MethodRunner.java:50)
at org.testng.internal.invokers.TestInvoker$MethodInvocationAgent.invoke(TestInvoker.java:957)
at org.testng.internal.invokers.TestInvoker.invokeTestMethods(TestInvoker.java:200)
at org.testng.internal.invokers.TestMethodWorker.invokeTestMethods(TestMethodWorker.java:148)
at org.testng.internal.invokers.TestMethodWorker.run(TestMethodWorker.java:128)
at java.base/java.util.ArrayList.forEach(ArrayList.java:1596)
at org.testng.TestRunner.privateRun(TestRunner.java:848)
at org.testng.TestRunner.run(TestRunner.java:621)
at org.testng.SuiteRunner.runTest(SuiteRunner.java:443)
at org.testng.SuiteRunner.runSequentially(SuiteRunner.java:437)
at org.testng.SuiteRunner.privateRun(SuiteRunner.java:397)
at org.testng.SuiteRunner.run(SuiteRunner.java:336)
at org.testng.SuiteRunnerWorker.runSuite(SuiteRunnerWorker.java:52)
at org.testng.SuiteRunnerWorker.run(SuiteRunnerWorker.java:95)
at org.testng.TestNG.runSuitesSequentially(TestNG.java:1280)
at org.testng.TestNG.runSuitesLocally(TestNG.java:1200)
at org.testng.TestNG.runSuites(TestNG.java:1114)
at org.testng.TestNG.run(TestNG.java:1082)
at org.testng.remote.AbstractRemoteTestNG.run(AbstractRemoteTestNG.java:115)
at org.testng.remote.RemoteTestNG.initAndRun(RemoteTestNG.java:293)
at org.testng.remote.RemoteTestNG.main(RemoteTestNG.java:91)
Caused by: java.lang.ClassCastException: class java.util.LinkedHashMap cannot be cast to class java.util.List (java.util.LinkedHashMap and java.util.List are in module java.base of loader 'bootstrap')
at com.enterprise.automation.core.WebDriverManager.getChromeOptionsFromConfig(WebDriverManager.java:274)
at com.enterprise.automation.core.WebDriverManager.createLocalDriver(WebDriverManager.java:178)
at com.enterprise.automation.core.WebDriverManager.initializeDriver(WebDriverManager.java:110)
... 32 more
]]>
            </full-stacktrace>
          </exception> <!-- java.lang.RuntimeException -->
          <reporter-output>
          </reporter-output>
        </test-method> <!-- verifyLoginSuccess -->
        <test-method is-config="true" signature="tearDown()[pri:0, instance:com.enterprise.automation.tests.LoginTest@5471388b]" started-at="2025-06-30T04:07:36 IST" name="tearDown" finished-at="2025-06-30T04:07:36 IST" duration-ms="0" status="SKIP">
          <reporter-output>
          </reporter-output>
        </test-method> <!-- tearDown -->
        <test-method is-config="true" signature="springTestContextAfterTestMethod(java.lang.reflect.Method)[pri:0, instance:com.enterprise.automation.tests.LoginTest@5471388b]" started-at="2025-06-30T04:07:36 IST" name="springTestContextAfterTestMethod" finished-at="2025-06-30T04:07:36 IST" duration-ms="3" status="PASS">
          <params>
            <param index="0">
              <value>
                <![CDATA[public void com.enterprise.automation.tests.LoginTest.verifyLoginSuccess()]]>
              </value>
            </param>
          </params>
          <reporter-output>
          </reporter-output>
        </test-method> <!-- springTestContextAfterTestMethod -->
        <test-method is-config="true" signature="springTestContextAfterTestClass()[pri:0, instance:com.enterprise.automation.tests.LoginTest@5471388b]" started-at="2025-06-30T04:07:36 IST" name="springTestContextAfterTestClass" finished-at="2025-06-30T04:07:36 IST" duration-ms="1" status="PASS">
          <reporter-output>
          </reporter-output>
        </test-method> <!-- springTestContextAfterTestClass -->
      </class> <!-- com.enterprise.automation.tests.LoginTest -->
    </test> <!-- Login Test -->
  </suite> <!-- Automation Suite -->
</testng-results>
